[78857:259:1101/195536.648924:WARNING:chrome_main_delegate.cc(744)] This is Chrome version 130.0.6723.92 (not a warning)
[78857:259:1101/195537.549948:INFO:chrome_browser_cloud_management_controller.cc(196)] No machine level policy manager exists.
[78880:259:1101/195539.073881:WARNING:viz_main_impl.cc(85)] VizNullHypothesis is disabled (not a warning)
[78857:259:1101/195542.635168:INFO:CONSOLE(5034)] "LegacyDataMixin will be applied to all legacy elements.
Set `_legacyUndefinedCheck: true` on element class to enable.", source: https://www.youtube.com/s/desktop/2ebf714b/jsbin/desktop_polymer_with_lottie.vflset/desktop_polymer_with_lottie.js (5034)
[78857:259:1101/195549.477666:WARNING:capture_device_ranking.h(255)] Can't initialize the value of media.audio_input.user_preference_ranking because media.default_audio_capture_device isn't registered or is empty
[78857:259:1101/195549.478215:WARNING:capture_device_ranking.h(255)] Can't initialize the value of media.video_input.user_preference_ranking because media.default_video_capture_Device isn't registered or is empty
[78857:259:1101/195554.893742:INFO:CONSOLE(0)] "The resource https://rr2---sn-oxunxg8pjvn-bpbze.googlevideo.com/generate_204 was preloaded using link preload but not used within a few seconds from the window's load event. Please make sure it has an appropriate `as` value and it is preloaded intentionally.", source: https://www.youtube.com/watch?v=WUb_c33_dB0 (0)
[78857:259:1101/195554.893987:INFO:CONSOLE(0)] "The resource https://rr2---sn-oxunxg8pjvn-bpbze.googlevideo.com/generate_204?conn2 was preloaded using link preload but not used within a few seconds from the window's load event. Please make sure it has an appropriate `as` value and it is preloaded intentionally.", source: https://www.youtube.com/watch?v=WUb_c33_dB0 (0)
[78857:259:1101/195554.894014:INFO:CONSOLE(0)] "The resource https://i.ytimg.com/generate_204 was preloaded using link preload but not used within a few seconds from the window's load event. Please make sure it has an appropriate `as` value and it is preloaded intentionally.", source: https://www.youtube.com/watch?v=WUb_c33_dB0 (0)
[78857:259:1101/195554.948882:INFO:CONSOLE(0)] "requestStorageAccessFor: Permission denied.", source: https://www.youtube.com/watch?v=WUb_c33_dB0 (0)
[78857:259:1101/195554.949223:INFO:CONSOLE(0)] "requestStorageAccessFor: Permission denied.", source: https://www.youtube.com/watch?v=WUb_c33_dB0 (0)
[78857:259:1101/195554.949271:INFO:CONSOLE(0)] "requestStorageAccessFor: Permission denied.", source: https://www.youtube.com/watch?v=WUb_c33_dB0 (0)
[78857:259:1101/195558.997276:INFO:CONSOLE(0)] "The resource https://rr2---sn-oxunxg8pjvn-bpbze.googlevideo.com/generate_204 was preloaded using link preload but not used within a few seconds from the window's load event. Please make sure it has an appropriate `as` value and it is preloaded intentionally.", source: https://www.youtube.com/watch?v=WUb_c33_dB0 (0)
[78857:259:1101/195558.997532:INFO:CONSOLE(0)] "The resource https://rr2---sn-oxunxg8pjvn-bpbze.googlevideo.com/generate_204?conn2 was preloaded using link preload but not used within a few seconds from the window's load event. Please make sure it has an appropriate `as` value and it is preloaded intentionally.", source: https://www.youtube.com/watch?v=WUb_c33_dB0 (0)
[78857:259:1101/195558.997564:INFO:CONSOLE(0)] "The resource https://i.ytimg.com/generate_204 was preloaded using link preload but not used within a few seconds from the window's load event. Please make sure it has an appropriate `as` value and it is preloaded intentionally.", source: https://www.youtube.com/watch?v=WUb_c33_dB0 (0)
[78857:259:1101/195604.862595:INFO:CONSOLE(0)] "The resource https://rr2---sn-oxunxg8pjvn-bpbze.googlevideo.com/generate_204 was preloaded using link preload but not used within a few seconds from the window's load event. Please make sure it has an appropriate `as` value and it is preloaded intentionally.", source: https://www.youtube.com/watch?v=WUb_c33_dB0 (0)
[78857:259:1101/195604.862968:INFO:CONSOLE(0)] "The resource https://rr2---sn-oxunxg8pjvn-bpbze.googlevideo.com/generate_204?conn2 was preloaded using link preload but not used within a few seconds from the window's load event. Please make sure it has an appropriate `as` value and it is preloaded intentionally.", source: https://www.youtube.com/watch?v=WUb_c33_dB0 (0)
[78857:259:1101/195604.863105:INFO:CONSOLE(0)] "The resource https://i.ytimg.com/generate_204 was preloaded using link preload but not used within a few seconds from the window's load event. Please make sure it has an appropriate `as` value and it is preloaded intentionally.", source: https://www.youtube.com/watch?v=WUb_c33_dB0 (0)
[78857:259:1101/195614.770898:INFO:CONSOLE(0)] "The resource https://rr2---sn-oxunxg8pjvn-bpbze.googlevideo.com/generate_204 was preloaded using link preload but not used within a few seconds from the window's load event. Please make sure it has an appropriate `as` value and it is preloaded intentionally.", source: https://www.youtube.com/watch?v=WUb_c33_dB0 (0)
[78857:259:1101/195614.771241:INFO:CONSOLE(0)] "The resource https://rr2---sn-oxunxg8pjvn-bpbze.googlevideo.com/generate_204?conn2 was preloaded using link preload but not used within a few seconds from the window's load event. Please make sure it has an appropriate `as` value and it is preloaded intentionally.", source: https://www.youtube.com/watch?v=WUb_c33_dB0 (0)
[78857:259:1101/195614.771757:INFO:CONSOLE(0)] "The resource https://i.ytimg.com/generate_204 was preloaded using link preload but not used within a few seconds from the window's load event. Please make sure it has an appropriate `as` value and it is preloaded intentionally.", source: https://www.youtube.com/watch?v=WUb_c33_dB0 (0)
[78857:259:1101/195617.858290:INFO:CONSOLE(0)] "The resource https://rr2---sn-oxunxg8pjvn-bpbze.googlevideo.com/generate_204 was preloaded using link preload but not used within a few seconds from the window's load event. Please make sure it has an appropriate `as` value and it is preloaded intentionally.", source: https://www.youtube.com/watch?v=WUb_c33_dB0 (0)
[78857:259:1101/195617.858451:INFO:CONSOLE(0)] "The resource https://rr2---sn-oxunxg8pjvn-bpbze.googlevideo.com/generate_204?conn2 was preloaded using link preload but not used within a few seconds from the window's load event. Please make sure it has an appropriate `as` value and it is preloaded intentionally.", source: https://www.youtube.com/watch?v=WUb_c33_dB0 (0)
[78857:259:1101/195617.858530:INFO:CONSOLE(0)] "The resource https://i.ytimg.com/generate_204 was preloaded using link preload but not used within a few seconds from the window's load event. Please make sure it has an appropriate `as` value and it is preloaded intentionally.", source: https://www.youtube.com/watch?v=WUb_c33_dB0 (0)
[78857:259:1101/195624.771867:INFO:CONSOLE(0)] "The resource https://rr2---sn-oxunxg8pjvn-bpbze.googlevideo.com/generate_204 was preloaded using link preload but not used within a few seconds from the window's load event. Please make sure it has an appropriate `as` value and it is preloaded intentionally.", source: https://www.youtube.com/watch?v=WUb_c33_dB0 (0)
[78857:259:1101/195624.772381:INFO:CONSOLE(0)] "The resource https://rr2---sn-oxunxg8pjvn-bpbze.googlevideo.com/generate_204?conn2 was preloaded using link preload but not used within a few seconds from the window's load event. Please make sure it has an appropriate `as` value and it is preloaded intentionally.", source: https://www.youtube.com/watch?v=WUb_c33_dB0 (0)
[78857:259:1101/195624.772484:INFO:CONSOLE(0)] "The resource https://i.ytimg.com/generate_204 was preloaded using link preload but not used within a few seconds from the window's load event. Please make sure it has an appropriate `as` value and it is preloaded intentionally.", source: https://www.youtube.com/watch?v=WUb_c33_dB0 (0)
[78857:259:1101/195639.046197:INFO:CONSOLE(0)] "The resource https://rr2---sn-oxunxg8pjvn-bpbze.googlevideo.com/generate_204 was preloaded using link preload but not used within a few seconds from the window's load event. Please make sure it has an appropriate `as` value and it is preloaded intentionally.", source: https://www.youtube.com/watch?v=WUb_c33_dB0 (0)
[78857:259:1101/195639.046341:INFO:CONSOLE(0)] "The resource https://rr2---sn-oxunxg8pjvn-bpbze.googlevideo.com/generate_204?conn2 was preloaded using link preload but not used within a few seconds from the window's load event. Please make sure it has an appropriate `as` value and it is preloaded intentionally.", source: https://www.youtube.com/watch?v=WUb_c33_dB0 (0)
[78857:259:1101/195639.046376:INFO:CONSOLE(0)] "The resource https://i.ytimg.com/generate_204 was preloaded using link preload but not used within a few seconds from the window's load event. Please make sure it has an appropriate `as` value and it is preloaded intentionally.", source: https://www.youtube.com/watch?v=WUb_c33_dB0 (0)
[78948:52495:1101/195643.412588:WARNING:sync_reader.cc(176)] ASR: No room in socket buffer.: Broken pipe (32)
[78880:259:1101/195645.161102:WARNING:angle_platform_impl.cc(49)] SizedMRUCache.h:150 (TrimCache): Overflowed the metal library cache limit of 64 elements, removing the least recently used to make room.
[78857:259:1101/195649.084514:INFO:CONSOLE(0)] "The resource https://rr2---sn-oxunxg8pjvn-bpbze.googlevideo.com/generate_204 was preloaded using link preload but not used within a few seconds from the window's load event. Please make sure it has an appropriate `as` value and it is preloaded intentionally.", source: https://www.youtube.com/watch?v=TRsbo0vKsMo (0)
[78857:259:1101/195649.084954:INFO:CONSOLE(0)] "The resource https://rr2---sn-oxunxg8pjvn-bpbze.googlevideo.com/generate_204?conn2 was preloaded using link preload but not used within a few seconds from the window's load event. Please make sure it has an appropriate `as` value and it is preloaded intentionally.", source: https://www.youtube.com/watch?v=TRsbo0vKsMo (0)
[78857:259:1101/195649.084988:INFO:CONSOLE(0)] "The resource https://i.ytimg.com/generate_204 was preloaded using link preload but not used within a few seconds from the window's load event. Please make sure it has an appropriate `as` value and it is preloaded intentionally.", source: https://www.youtube.com/watch?v=TRsbo0vKsMo (0)
[78882:22543:1101/195656.727622:WARNING:sqlite_persistent_store_backend_base.cc(198)] Failed to post task from FlushAndNotifyInBackground@net/extras/sqlite/sqlite_persistent_store_backend_base.cc:248 to client_task_runner_.
[78882:22543:1101/195656.727842:WARNING:sqlite_persistent_store_backend_base.cc(198)] Failed to post task from FlushAndNotifyInBackground@net/extras/sqlite/sqlite_persistent_store_backend_base.cc:248 to client_task_runner_.
