[78858:259:1101/195536.648998:WARNING:chrome_main_delegate.cc(744)] This is Chrome version 130.0.6723.92 (not a warning)
[78858:259:1101/195537.550005:INFO:chrome_browser_cloud_management_controller.cc(196)] No machine level policy manager exists.
[78881:259:1101/195539.073908:WARNING:viz_main_impl.cc(85)] VizNullHypothesis is disabled (not a warning)
[78858:259:1101/195542.691676:INFO:CONSOLE(4983)] "LegacyDataMixin will be applied to all legacy elements.
Set `_legacyUndefinedCheck: true` on element class to enable.", source: https://www.youtube.com/s/desktop/2ebf714b/jsbin/desktop_polymer.vflset/desktop_polymer.js (4983)
[78858:259:1101/195549.477666:WARNING:capture_device_ranking.h(255)] Can't initialize the value of media.audio_input.user_preference_ranking because media.default_audio_capture_device isn't registered or is empty
[78858:259:1101/195549.478206:WARNING:capture_device_ranking.h(255)] Can't initialize the value of media.video_input.user_preference_ranking because media.default_video_capture_Device isn't registered or is empty
[78858:259:1101/195554.703838:INFO:CONSOLE(0)] "The resource https://rr2---sn-oxunxg8pjvn-bpbze.googlevideo.com/generate_204 was preloaded using link preload but not used within a few seconds from the window's load event. Please make sure it has an appropriate `as` value and it is preloaded intentionally.", source: https://www.youtube.com/watch?v=WUb_c33_dB0 (0)
[78858:259:1101/195554.704052:INFO:CONSOLE(0)] "The resource https://rr2---sn-oxunxg8pjvn-bpbze.googlevideo.com/generate_204?conn2 was preloaded using link preload but not used within a few seconds from the window's load event. Please make sure it has an appropriate `as` value and it is preloaded intentionally.", source: https://www.youtube.com/watch?v=WUb_c33_dB0 (0)
[78858:259:1101/195554.704106:INFO:CONSOLE(0)] "The resource https://i.ytimg.com/generate_204 was preloaded using link preload but not used within a few seconds from the window's load event. Please make sure it has an appropriate `as` value and it is preloaded intentionally.", source: https://www.youtube.com/watch?v=WUb_c33_dB0 (0)
[78858:259:1101/195554.928595:INFO:CONSOLE(0)] "requestStorageAccessFor: Permission denied.", source: https://www.youtube.com/watch?v=WUb_c33_dB0 (0)
[78858:259:1101/195554.957850:INFO:CONSOLE(0)] "requestStorageAccessFor: Permission denied.", source: https://www.youtube.com/watch?v=WUb_c33_dB0 (0)
[78858:259:1101/195554.957934:INFO:CONSOLE(0)] "requestStorageAccessFor: Permission denied.", source: https://www.youtube.com/watch?v=WUb_c33_dB0 (0)
[78858:259:1101/195559.054359:INFO:CONSOLE(0)] "The resource https://rr2---sn-oxunxg8pjvn-bpbze.googlevideo.com/generate_204 was preloaded using link preload but not used within a few seconds from the window's load event. Please make sure it has an appropriate `as` value and it is preloaded intentionally.", source: https://www.youtube.com/watch?v=WUb_c33_dB0 (0)
[78858:259:1101/195559.054627:INFO:CONSOLE(0)] "The resource https://rr2---sn-oxunxg8pjvn-bpbze.googlevideo.com/generate_204?conn2 was preloaded using link preload but not used within a few seconds from the window's load event. Please make sure it has an appropriate `as` value and it is preloaded intentionally.", source: https://www.youtube.com/watch?v=WUb_c33_dB0 (0)
[78858:259:1101/195559.054650:INFO:CONSOLE(0)] "The resource https://i.ytimg.com/generate_204 was preloaded using link preload but not used within a few seconds from the window's load event. Please make sure it has an appropriate `as` value and it is preloaded intentionally.", source: https://www.youtube.com/watch?v=WUb_c33_dB0 (0)
[78858:259:1101/195559.240759:WARNING:controller_impl.cc(1192)] Background download complete, client: 6, completion type: 0, file size:68666027
[78858:259:1101/195604.686987:INFO:CONSOLE(0)] "The resource https://rr2---sn-oxunxg8pjvn-bpbze.googlevideo.com/generate_204 was preloaded using link preload but not used within a few seconds from the window's load event. Please make sure it has an appropriate `as` value and it is preloaded intentionally.", source: https://www.youtube.com/watch?v=WUb_c33_dB0 (0)
[78858:259:1101/195604.687428:INFO:CONSOLE(0)] "The resource https://rr2---sn-oxunxg8pjvn-bpbze.googlevideo.com/generate_204?conn2 was preloaded using link preload but not used within a few seconds from the window's load event. Please make sure it has an appropriate `as` value and it is preloaded intentionally.", source: https://www.youtube.com/watch?v=WUb_c33_dB0 (0)
[78858:259:1101/195604.687505:INFO:CONSOLE(0)] "The resource https://i.ytimg.com/generate_204 was preloaded using link preload but not used within a few seconds from the window's load event. Please make sure it has an appropriate `as` value and it is preloaded intentionally.", source: https://www.youtube.com/watch?v=WUb_c33_dB0 (0)
[78858:259:1101/195614.630208:INFO:CONSOLE(0)] "The resource https://rr2---sn-oxunxg8pjvn-bpbze.googlevideo.com/generate_204 was preloaded using link preload but not used within a few seconds from the window's load event. Please make sure it has an appropriate `as` value and it is preloaded intentionally.", source: https://www.youtube.com/watch?v=WUb_c33_dB0 (0)
[78858:259:1101/195614.630631:INFO:CONSOLE(0)] "The resource https://rr2---sn-oxunxg8pjvn-bpbze.googlevideo.com/generate_204?conn2 was preloaded using link preload but not used within a few seconds from the window's load event. Please make sure it has an appropriate `as` value and it is preloaded intentionally.", source: https://www.youtube.com/watch?v=WUb_c33_dB0 (0)
[78858:259:1101/195614.630706:INFO:CONSOLE(0)] "The resource https://i.ytimg.com/generate_204 was preloaded using link preload but not used within a few seconds from the window's load event. Please make sure it has an appropriate `as` value and it is preloaded intentionally.", source: https://www.youtube.com/watch?v=WUb_c33_dB0 (0)
[78858:259:1101/195618.440745:INFO:CONSOLE(0)] "The resource https://rr2---sn-oxunxg8pjvn-bpbze.googlevideo.com/generate_204 was preloaded using link preload but not used within a few seconds from the window's load event. Please make sure it has an appropriate `as` value and it is preloaded intentionally.", source: https://www.youtube.com/watch?v=WUb_c33_dB0 (0)
[78858:259:1101/195618.440977:INFO:CONSOLE(0)] "The resource https://rr2---sn-oxunxg8pjvn-bpbze.googlevideo.com/generate_204?conn2 was preloaded using link preload but not used within a few seconds from the window's load event. Please make sure it has an appropriate `as` value and it is preloaded intentionally.", source: https://www.youtube.com/watch?v=WUb_c33_dB0 (0)
[78858:259:1101/195618.441093:INFO:CONSOLE(0)] "The resource https://i.ytimg.com/generate_204 was preloaded using link preload but not used within a few seconds from the window's load event. Please make sure it has an appropriate `as` value and it is preloaded intentionally.", source: https://www.youtube.com/watch?v=WUb_c33_dB0 (0)
[78858:259:1101/195624.630189:INFO:CONSOLE(0)] "The resource https://rr2---sn-oxunxg8pjvn-bpbze.googlevideo.com/generate_204 was preloaded using link preload but not used within a few seconds from the window's load event. Please make sure it has an appropriate `as` value and it is preloaded intentionally.", source: https://www.youtube.com/watch?v=WUb_c33_dB0 (0)
[78858:259:1101/195624.630436:INFO:CONSOLE(0)] "The resource https://rr2---sn-oxunxg8pjvn-bpbze.googlevideo.com/generate_204?conn2 was preloaded using link preload but not used within a few seconds from the window's load event. Please make sure it has an appropriate `as` value and it is preloaded intentionally.", source: https://www.youtube.com/watch?v=WUb_c33_dB0 (0)
[78858:259:1101/195624.630471:INFO:CONSOLE(0)] "The resource https://i.ytimg.com/generate_204 was preloaded using link preload but not used within a few seconds from the window's load event. Please make sure it has an appropriate `as` value and it is preloaded intentionally.", source: https://www.youtube.com/watch?v=WUb_c33_dB0 (0)
[78858:259:1101/195631.629932:INFO:CONSOLE(0)] "The resource https://rr2---sn-oxunxg8pjvn-bpbze.googlevideo.com/generate_204 was preloaded using link preload but not used within a few seconds from the window's load event. Please make sure it has an appropriate `as` value and it is preloaded intentionally.", source: https://www.youtube.com/watch?v=WUb_c33_dB0 (0)
[78858:259:1101/195631.630324:INFO:CONSOLE(0)] "The resource https://rr2---sn-oxunxg8pjvn-bpbze.googlevideo.com/generate_204?conn2 was preloaded using link preload but not used within a few seconds from the window's load event. Please make sure it has an appropriate `as` value and it is preloaded intentionally.", source: https://www.youtube.com/watch?v=WUb_c33_dB0 (0)
[78858:259:1101/195631.630368:INFO:CONSOLE(0)] "The resource https://i.ytimg.com/generate_204 was preloaded using link preload but not used within a few seconds from the window's load event. Please make sure it has an appropriate `as` value and it is preloaded intentionally.", source: https://www.youtube.com/watch?v=WUb_c33_dB0 (0)
[78858:259:1101/195639.042258:INFO:CONSOLE(0)] "The resource https://rr2---sn-oxunxg8pjvn-bpbze.googlevideo.com/generate_204 was preloaded using link preload but not used within a few seconds from the window's load event. Please make sure it has an appropriate `as` value and it is preloaded intentionally.", source: https://www.youtube.com/watch?v=WUb_c33_dB0 (0)
[78858:259:1101/195639.042429:INFO:CONSOLE(0)] "The resource https://rr2---sn-oxunxg8pjvn-bpbze.googlevideo.com/generate_204?conn2 was preloaded using link preload but not used within a few seconds from the window's load event. Please make sure it has an appropriate `as` value and it is preloaded intentionally.", source: https://www.youtube.com/watch?v=WUb_c33_dB0 (0)
[78858:259:1101/195639.042502:INFO:CONSOLE(0)] "The resource https://i.ytimg.com/generate_204 was preloaded using link preload but not used within a few seconds from the window's load event. Please make sure it has an appropriate `as` value and it is preloaded intentionally.", source: https://www.youtube.com/watch?v=WUb_c33_dB0 (0)
[78881:259:1101/195646.273291:WARNING:angle_platform_impl.cc(49)] SizedMRUCache.h:150 (TrimCache): Overflowed the metal library cache limit of 64 elements, removing the least recently used to make room.
[78883:17411:1101/195656.727063:WARNING:sqlite_persistent_store_backend_base.cc(198)] Failed to post task from FlushAndNotifyInBackground@net/extras/sqlite/sqlite_persistent_store_backend_base.cc:248 to client_task_runner_.
[78883:17411:1101/195656.728541:WARNING:sqlite_persistent_store_backend_base.cc(198)] Failed to post task from FlushAndNotifyInBackground@net/extras/sqlite/sqlite_persistent_store_backend_base.cc:248 to client_task_runner_.
